2	P1 has joined the chat!
3	P2 has joined the chat!
3	P2 has joined the chat!
6	Samuel er dum
6	Samuel er dum
9	Abekat
9	Abekat
12	Abekat
12	Abekat
15	AKsel er en grimmer en
15	AKsel er en grimmer en
18	P1 has left the chat
0	P1 has joined the chat!
0	P2 has joined the chat!
0	P2 has joined the chat!
0	wew
0	wew
0	wew
0	wew
0	wew
0	wew
2	P1 has joined the chat!
5	we
5	P2 has joined the chat!
7	er
8	er
9	er
13	oijh
5	P2 has joined the chat!
6	wer
9	wer
10	wer
11	wer
12	wer
15	wer
16	wer
17	wer
18	P3 has joined the chat!
18	P3 has joined the chat!
21	wer
21	wer
22	wer
22	wer
23	wer
23	wer
26	wer
26	wer
27	wer
27	wer
3	P2 has joined the chat!
6	eoriht
2	P2 has joined the chat!
4	oiuher
5	oiuher
6	oiuher
7	oiuher
2	P1 has joined the chat!
3	iojf
5	oijwer
6	oijwer
7	oijwer
8	iojf
9	iojf
11	oijwer
2	P1 has joined the chat!
3	woeirjwer
4	woeirjwer
5	woeirjwer
6	woeirjwer
7	oiwejr
8	oiwejr
9	oiwejr
10	oiwejr
11	P3 has joined the chat!
11	P3 has joined the chat!
12	oiwejr
12	oiwejr
13	oiwejr
13	oiwejr
